<?xml version="1.0" encoding="UTF-8"?>
<coverage generated="1731467989454" clover="3.2.0">
  <project timestamp="1731467989455" name="All files">
    <metrics statements="20" coveredstatements="20" conditionals="19" coveredconditionals="19" methods="3" coveredmethods="3" elements="42" coveredelements="42" complexity="0" loc="20" ncloc="20" packages="1" files="2" classes="2"/>
    <file name="db.js" path="C:\Users\EMPRESA\Desktop\PurebaMeli\db.js">
      <metrics statements="4" coveredstatements="4" conditionals="0" coveredconditionals="0" methods="1" coveredmethods="1"/>
      <line num="3" count="2" type="stmt"/>
      <line num="6" count="2" type="stmt"/>
      <line num="10" count="2" type="stmt"/>
      <line num="13" count="2" type="stmt"/>
    </file>
    <file name="isMutant.js" path="C:\Users\EMPRESA\Desktop\PurebaMeli\isMutant.js">
      <metrics statements="16" coveredstatements="16" conditionals="19" coveredconditionals="19" methods="2" coveredmethods="2"/>
      <line num="22" count="4" type="stmt"/>
      <line num="23" count="4" type="stmt"/>
      <line num="35" count="18" type="stmt"/>
      <line num="36" count="18" type="stmt"/>
      <line num="37" count="29" type="stmt"/>
      <line num="38" count="29" type="stmt"/>
      <line num="40" count="29" type="cond" truecount="5" falsecount="0"/>
      <line num="41" count="13" type="stmt"/>
      <line num="44" count="5" type="stmt"/>
      <line num="48" count="4" type="stmt"/>
      <line num="49" count="7" type="stmt"/>
      <line num="51" count="23" type="cond" truecount="2" falsecount="0"/>
      <line num="57" count="5" type="stmt"/>
      <line num="58" count="5" type="cond" truecount="2" falsecount="0"/>
      <line num="59" count="2" type="stmt"/>
      <line num="65" count="2" type="stmt"/>
    </file>
  </project>
</coverage>
