{"C:\\Users\\EMPRESA\\Desktop\\PurebaMeli\\db.js": {"path":"C:\\Users\\EMPRESA\\Desktop\\PurebaMeli\\db.js","statementMap":{"0":{"start":{"line":3,"column":20},"end":{"line":5,"column":1}},"1":{"start":{"line":6,"column":12},"end":{"line":6,"column":54}},"2":{"start":{"line":10,"column":3},"end":{"line":10,"column":13}},"3":{"start":{"line":13,"column":1},"end":{"line":13,"column":9}}},"fnMap":{"0":{"name":"initDB","decl":{"start":{"line":9,"column":10},"end":{"line":9,"column":16}},"loc":{"start":{"line":9,"column":19},"end":{"line":11,"column":1}},"line":9}},"branchMap":{},"s":{"0":2,"1":2,"2":2,"3":2},"f":{"0":2},"b":{},"_coverageSchema":"1a1c01bbd47fc00a2c39e90264f33305004495a9","hash":"281ef8d48002456fa1bfc01bcee8a8a6880adac1"}
,"C:\\Users\\EMPRESA\\Desktop\\PurebaMeli\\isMutant.js": {"path":"C:\\Users\\EMPRESA\\Desktop\\PurebaMeli\\isMutant.js","statementMap":{"0":{"start":{"line":22,"column":14},"end":{"line":22,"column":24}},"1":{"start":{"line":23,"column":26},"end":{"line":23,"column":27}},"2":{"start":{"line":35,"column":23},"end":{"line":35,"column":32}},"3":{"start":{"line":36,"column":8},"end":{"line":43,"column":9}},"4":{"start":{"line":36,"column":21},"end":{"line":36,"column":22}},"5":{"start":{"line":37,"column":23},"end":{"line":37,"column":33}},"6":{"start":{"line":38,"column":23},"end":{"line":38,"column":33}},"7":{"start":{"line":40,"column":12},"end":{"line":42,"column":13}},"8":{"start":{"line":41,"column":16},"end":{"line":41,"column":29}},"9":{"start":{"line":44,"column":8},"end":{"line":44,"column":20}},"10":{"start":{"line":48,"column":4},"end":{"line":63,"column":5}},"11":{"start":{"line":48,"column":17},"end":{"line":48,"column":18}},"12":{"start":{"line":49,"column":8},"end":{"line":62,"column":9}},"13":{"start":{"line":49,"column":21},"end":{"line":49,"column":22}},"14":{"start":{"line":51,"column":12},"end":{"line":61,"column":13}},"15":{"start":{"line":57,"column":16},"end":{"line":57,"column":37}},"16":{"start":{"line":58,"column":16},"end":{"line":60,"column":17}},"17":{"start":{"line":59,"column":20},"end":{"line":59,"column":32}},"18":{"start":{"line":65,"column":4},"end":{"line":65,"column":17}}},"fnMap":{"0":{"name":"isMutant","decl":{"start":{"line":21,"column":9},"end":{"line":21,"column":17}},"loc":{"start":{"line":21,"column":23},"end":{"line":66,"column":1}},"line":21},"1":{"name":"checkSequence","decl":{"start":{"line":34,"column":13},"end":{"line":34,"column":26}},"loc":{"start":{"line":34,"column":41},"end":{"line":45,"column":5}},"line":34}},"branchMap":{"0":{"loc":{"start":{"line":40,"column":12},"end":{"line":42,"column":13}},"type":"if","locations":[{"start":{"line":40,"column":12},"end":{"line":42,"column":13}},{"start":{},"end":{}}],"line":40},"1":{"loc":{"start":{"line":40,"column":16},"end":{"line":40,"column":60}},"type":"binary-expr","locations":[{"start":{"line":40,"column":16},"end":{"line":40,"column":23}},{"start":{"line":40,"column":27},"end":{"line":40,"column":34}},{"start":{"line":40,"column":38},"end":{"line":40,"column":60}}],"line":40},"2":{"loc":{"start":{"line":51,"column":12},"end":{"line":61,"column":13}},"type":"if","locations":[{"start":{"line":51,"column":12},"end":{"line":61,"column":13}},{"start":{},"end":{}}],"line":51},"3":{"loc":{"start":{"line":52,"column":16},"end":{"line":55,"column":68}},"type":"binary-expr","locations":[{"start":{"line":52,"column":17},"end":{"line":52,"column":27}},{"start":{"line":52,"column":31},"end":{"line":52,"column":56}},{"start":{"line":53,"column":17},"end":{"line":53,"column":27}},{"start":{"line":53,"column":31},"end":{"line":53,"column":56}},{"start":{"line":54,"column":17},"end":{"line":54,"column":27}},{"start":{"line":54,"column":31},"end":{"line":54,"column":41}},{"start":{"line":54,"column":45},"end":{"line":54,"column":70}},{"start":{"line":55,"column":17},"end":{"line":55,"column":23}},{"start":{"line":55,"column":27},"end":{"line":55,"column":37}},{"start":{"line":55,"column":41},"end":{"line":55,"column":67}}],"line":52},"4":{"loc":{"start":{"line":58,"column":16},"end":{"line":60,"column":17}},"type":"if","locations":[{"start":{"line":58,"column":16},"end":{"line":60,"column":17}},{"start":{},"end":{}}],"line":58}},"s":{"0":4,"1":4,"2":18,"3":18,"4":18,"5":29,"6":29,"7":29,"8":13,"9":5,"10":4,"11":4,"12":7,"13":7,"14":23,"15":5,"16":5,"17":2,"18":2},"f":{"0":4,"1":18},"b":{"0":[13,16],"1":[29,29,29],"2":[5,18],"3":[23,7,21,9,19,7,1,18,4,1],"4":[2,3]},"_coverageSchema":"1a1c01bbd47fc00a2c39e90264f33305004495a9","hash":"fdb67488f0e1df7982568669b9a41d65f1f27eaa"}
}
