TN:
SF:db.js
FN:9,initDB
FNF:1
FNH:1
FNDA:2,initDB
DA:3,2
DA:6,2
DA:10,2
DA:13,2
LF:4
LH:4
BRF:0
BRH:0
end_of_record
TN:
SF:isMutant.js
FN:21,isMutant
FN:34,checkSequence
FNF:2
FNH:2
FNDA:4,isMutant
FNDA:18,checkSequence
DA:22,4
DA:23,4
DA:35,18
DA:36,18
DA:37,29
DA:38,29
DA:40,29
DA:41,13
DA:44,5
DA:48,4
DA:49,7
DA:51,23
DA:57,5
DA:58,5
DA:59,2
DA:65,2
LF:16
LH:16
BRDA:40,0,0,13
BRDA:40,0,1,16
BRDA:40,1,0,29
BRDA:40,1,1,29
BRDA:40,1,2,29
BRDA:51,2,0,5
BRDA:51,2,1,18
BRDA:52,3,0,23
BRDA:52,3,1,7
BRDA:52,3,2,21
BRDA:52,3,3,9
BRDA:52,3,4,19
BRDA:52,3,5,7
BRDA:52,3,6,1
BRDA:52,3,7,18
BRDA:52,3,8,4
BRDA:52,3,9,1
BRDA:58,4,0,2
BRDA:58,4,1,3
BRF:19
BRH:19
end_of_record
